<?xml version="1.0" encoding="UTF-8"?>
<!-- Generated by org.testng.reporters.JUnitReportReporter -->
<testsuite hostname="LAPTOP-A9U6RMFP" failures="0" tests="5" name="testCases.TC003_LoginDDT" time="34.769" errors="0" timestamp="2026-05-12T15:34:29 IST" skipped="0">
  <testcase classname="testCases.TC003_LoginDDT" name="verify_LoginDDT" time="12.586"/>
  <testcase classname="testCases.TC003_LoginDDT" name="verify_LoginDDT" time="4.086"/>
  <testcase classname="testCases.TC003_LoginDDT" name="verify_LoginDDT" time="12.338"/>
  <testcase classname="testCases.TC003_LoginDDT" name="verify_LoginDDT" time="2.949"/>
  <testcase classname="testCases.TC003_LoginDDT" name="verify_LoginDDT" time="2.810"/>
</testsuite> <!-- testCases.TC003_LoginDDT -->
